<?xml version="1.0" encoding="UTF-8"?>
<testsuite name="Font related tests" tests="3" skipped="0" failures="0" errors="0" timestamp="2024-05-02T11:08:43" hostname="DESKTOP-PDMD8RI" time="0.137">
  <properties/>
  <testcase name="The family (name) of the font should be the default font family: Arial" classname="com._4th_dimension_softwares.support.framework.AppearanceTest$FontRelatedTests" time="0.091"/>
  <testcase name="The family (name) of the font should be Arial" classname="com._4th_dimension_softwares.support.framework.AppearanceTest$FontRelatedTests" time="0.004"/>
  <testcase name="The family (name) of the font should be the specified custom font: Halimun" classname="com._4th_dimension_softwares.support.framework.AppearanceTest$FontRelatedTests" time="0.032"/>
  <system-out><![CDATA[
]]></system-out>
  <system-err><![CDATA[]]></system-err>
</testsuite>
