<?xml version="1.0" encoding="UTF-8"?>
<testsuite name="com._4th_dimension_softwares.support.framework.models.IconModelTest" tests="9" skipped="0" failures="0" errors="0" timestamp="2024-04-21T13:23:03" hostname="DESKTOP-PDMD8RI" time="0.155">
  <properties/>
  <testcase name="The icon should be loaded with 50% smaller dimensions" classname="com._4th_dimension_softwares.support.framework.models.IconModelTest" time="0.013"/>
  <testcase name="Should load the icon normally" classname="com._4th_dimension_softwares.support.framework.models.IconModelTest" time="0.014"/>
  <testcase name="[1] -43" classname="com._4th_dimension_softwares.support.framework.models.IconModelTest" time="0.018"/>
  <testcase name="[2] -78" classname="com._4th_dimension_softwares.support.framework.models.IconModelTest" time="0.016"/>
  <testcase name="[3] 0" classname="com._4th_dimension_softwares.support.framework.models.IconModelTest" time="0.015"/>
  <testcase name="[4] jklfgl" classname="com._4th_dimension_softwares.support.framework.models.IconModelTest" time="0.015"/>
  <testcase name="[5] fĂ¶9845Ă¶9[]{[}" classname="com._4th_dimension_softwares.support.framework.models.IconModelTest" time="0.017"/>
  <testcase name="[6] \///=%()+!*" classname="com._4th_dimension_softwares.support.framework.models.IconModelTest" time="0.021"/>
  <testcase name="The icon should be loaded with its default dimensions: w=512px, h=512px" classname="com._4th_dimension_softwares.support.framework.models.IconModelTest" time="0.016"/>
  <system-out><![CDATA[]]></system-out>
  <system-err><![CDATA[]]></system-err>
</testsuite>
