<?xml version="1.0" encoding="UTF-8"?>
<testsuite name="Color related tests (Background, Foreground)" tests="2" skipped="2" failures="0" errors="0" timestamp="2024-05-28T12:02:24" hostname="DESKTOP-FN3U10C" time="0.001">
  <properties/>
  <testcase name="The foreground colors should be: black, pink and gray" classname="com._4th_dimension_softwares.support.framework.AppearanceTest$ColorRelatedTests" time="0.0">
    <skipped/>
  </testcase>
  <testcase name="The background colors should be: red, green and blue" classname="com._4th_dimension_softwares.support.framework.AppearanceTest$ColorRelatedTests" time="0.0">
    <skipped/>
  </testcase>
  <system-out><![CDATA[]]></system-out>
  <system-err><![CDATA[]]></system-err>
</testsuite>
