<?xml version="1.0" encoding="UTF-8"?>
<testsuite name="Icon related tests" tests="3" skipped="0" failures="0" errors="0" timestamp="2024-04-28T18:34:53" hostname="DESKTOP-FN3U10C" time="0.267">
  <properties/>
  <testcase name="The icon of the Appearance should not be null" classname="com._4th_dimension_softwares.support.framework.AppearanceTest$IconRelatedTests" time="0.226"/>
  <testcase name="The icon of the Appearance should be null" classname="com._4th_dimension_softwares.support.framework.AppearanceTest$IconRelatedTests" time="0.001"/>
  <testcase name="The size of the icon should be 50x50" classname="com._4th_dimension_softwares.support.framework.AppearanceTest$IconRelatedTests" time="0.035"/>
  <system-out><![CDATA[]]></system-out>
  <system-err><![CDATA[]]></system-err>
</testsuite>
