<?xml version="1.0" encoding="UTF-8"?>
<testsuite name="Icon related tests" tests="3" skipped="0" failures="0" errors="0" timestamp="2024-04-18T09:57:56" hostname="DESKTOP-PDMD8RI" time="0.209">
  <properties/>
  <testcase name="The icon of the Appearance should not be null" classname="com._4th_dimension_softwares.support.framework.AppearanceTest$IconRelatedTests" time="0.177"/>
  <testcase name="The icon of the Appearance should be null" classname="com._4th_dimension_softwares.support.framework.AppearanceTest$IconRelatedTests" time="0.002"/>
  <testcase name="The size of the icon should be 256x256" classname="com._4th_dimension_softwares.support.framework.AppearanceTest$IconRelatedTests" time="0.026"/>
  <system-out><![CDATA[]]></system-out>
  <system-err><![CDATA[]]></system-err>
</testsuite>
