<?xml version="1.0" encoding="UTF-8"?>
<testsuite name="Icon related tests" tests="3" skipped="3" failures="0" errors="0" timestamp="2024-05-09T09:28:17" hostname="DESKTOP-PDMD8RI" time="0.004">
  <properties/>
  <testcase name="The icon of the Appearance should not be null" classname="com._4th_dimension_softwares.support.framework.AppearanceTest$IconRelatedTests" time="0.0">
    <skipped/>
  </testcase>
  <testcase name="The icon of the Appearance should be null" classname="com._4th_dimension_softwares.support.framework.AppearanceTest$IconRelatedTests" time="0.001">
    <skipped/>
  </testcase>
  <testcase name="The size of the icon should be 50x50" classname="com._4th_dimension_softwares.support.framework.AppearanceTest$IconRelatedTests" time="0.0">
    <skipped/>
  </testcase>
  <system-out><![CDATA[]]></system-out>
  <system-err><![CDATA[]]></system-err>
</testsuite>
