<?xml version="1.0" encoding="UTF-8"?>
<testsuite name="com._4th_dimension_softwares.support.framework.models.IconModelTest" tests="3" skipped="3" failures="0" errors="0" timestamp="2024-05-14T20:26:11" hostname="DESKTOP-FN3U10C" time="0.002">
  <properties/>
  <testcase name="The icon should be loaded with 500x500 dimension" classname="com._4th_dimension_softwares.support.framework.models.IconModelTest" time="0.0">
    <skipped/>
  </testcase>
  <testcase name="Should load the icon normally" classname="com._4th_dimension_softwares.support.framework.models.IconModelTest" time="0.0">
    <skipped/>
  </testcase>
  <testcase name="The icon should be loaded with its default dimensions: w=512px, h=512px" classname="com._4th_dimension_softwares.support.framework.models.IconModelTest" time="0.0">
    <skipped/>
  </testcase>
  <system-out><![CDATA[]]></system-out>
  <system-err><![CDATA[]]></system-err>
</testsuite>
