<?xml version="1.0" encoding="UTF-8"?>
<testsuite name="Color related tests (Background, Foreground)" tests="2" skipped="0" failures="0" errors="0" timestamp="2024-04-26T09:05:12" hostname="DESKTOP-PDMD8RI" time="0.009">
  <properties/>
  <testcase name="The foreground colors should be: black, pink and gray" classname="com._4th_dimension_softwares.support.framework.AppearanceTest$ColorRelatedTests" time="0.004"/>
  <testcase name="The background colors should be: red, green and blue" classname="com._4th_dimension_softwares.support.framework.AppearanceTest$ColorRelatedTests" time="0.003"/>
  <system-out><![CDATA[]]></system-out>
  <system-err><![CDATA[]]></system-err>
</testsuite>
